[2018-08-30 21:06:08] slim-app.INFO: Slim-Skeleton '/' route [] {"uid":"7859676"}
[2018-08-31 08:51:02] slim-app.INFO: Slim-Skeleton '/' route [] {"uid":"7f1c0e5"}
[2018-08-31 08:53:54] slim-app.INFO: Slim-Skeleton '/' route [] {"uid":"ed958f6"}
[2018-08-31 08:55:31] slim-app.INFO: Slim-Skeleton '/' route [] {"uid":"40b531d"}
[2018-08-31 10:48:43] slim-app.INFO: Slim-Skeleton '/' route [] {"uid":"5900984"}
[2018-08-31 10:48:43] slim-app.INFO: Slim-Skeleton '/' route [] {"uid":"8a14d9c"}
[2018-08-31 10:50:47] slim-app.INFO: Slim-Skeleton '/' route [] {"uid":"89c0079"}
[2018-08-31 10:55:48] slim-app.INFO: Slim-Skeleton '/' route [] {"uid":"d95b700"}
[2018-08-31 10:56:02] slim-app.INFO: Slim-Skeleton '/' route [] {"uid":"2f0e732"}
[2018-08-31 10:56:30] slim-app.INFO: Slim-Skeleton '/' route [] {"uid":"5297611"}
[2018-08-31 10:57:51] slim-app.INFO: Slim-Skeleton '/' route [] {"uid":"ab9272c"}
[2018-08-31 10:57:54] slim-app.INFO: Slim-Skeleton '/' route [] {"uid":"53a3b86"}
[2018-08-31 10:58:06] slim-app.INFO: Slim-Skeleton '/' route [] {"uid":"19ed995"}
[2018-08-31 10:58:41] slim-app.INFO: Slim-Skeleton '/' route [] {"uid":"517d7e2"}
[2018-08-31 10:59:00] slim-app.INFO: Slim-Skeleton '/' route [] {"uid":"baefeff"}
[2018-08-31 10:59:02] slim-app.INFO: Slim-Skeleton '/' route [] {"uid":"fb72207"}
[2018-08-31 10:59:16] slim-app.INFO: Slim-Skeleton '/' route [] {"uid":"78adc0f"}
[2018-08-31 10:59:17] slim-app.INFO: Slim-Skeleton '/' route [] {"uid":"b0744c7"}
[2018-08-31 10:59:17] slim-app.INFO: Slim-Skeleton '/' route [] {"uid":"876d7cf"}
[2018-08-31 10:59:17] slim-app.INFO: Slim-Skeleton '/' route [] {"uid":"4d447ae"}
[2018-08-31 10:59:17] slim-app.INFO: Slim-Skeleton '/' route [] {"uid":"53112ab"}
[2018-08-31 10:59:24] slim-app.INFO: Slim-Skeleton '/' route [] {"uid":"312338d"}
[2018-08-31 11:04:15] slim-app.INFO: Slim-Skeleton '/' route [] {"uid":"5e45af1"}
[2018-08-31 11:04:16] slim-app.INFO: Slim-Skeleton '/' route [] {"uid":"565015f"}
[2018-08-31 11:04:16] slim-app.INFO: Slim-Skeleton '/' route [] {"uid":"3befc8c"}
[2018-08-31 11:04:17] slim-app.INFO: Slim-Skeleton '/' route [] {"uid":"59fb9e0"}
[2018-08-31 11:04:17] slim-app.INFO: Slim-Skeleton '/' route [] {"uid":"bbdc344"}
[2018-08-31 11:04:43] slim-app.INFO: Slim-Skeleton '/' route [] {"uid":"13b00a6"}
[2018-08-31 11:11:03] slim-app.INFO: Slim-Skeleton '/' route [] {"uid":"094d9e4"}
[2018-08-31 11:11:03] slim-app.INFO: Slim-Skeleton '/' route [] {"uid":"887d009"}
[2018-08-31 11:11:04] slim-app.INFO: Slim-Skeleton '/' route [] {"uid":"f7c1657"}
[2018-08-31 11:11:05] slim-app.INFO: Slim-Skeleton '/' route [] {"uid":"4bbf14e"}
[2018-08-31 11:11:05] slim-app.INFO: Slim-Skeleton '/' route [] {"uid":"ec41a0e"}
[2018-08-31 11:11:06] slim-app.INFO: Slim-Skeleton '/' route [] {"uid":"51cc68b"}
[2018-08-31 11:11:06] slim-app.INFO: Slim-Skeleton '/' route [] {"uid":"8265832"}
[2018-08-31 11:11:07] slim-app.INFO: Slim-Skeleton '/' route [] {"uid":"05f5d2b"}
[2018-08-31 11:11:08] slim-app.INFO: Slim-Skeleton '/' route [] {"uid":"9c37804"}
[2018-08-31 11:11:08] slim-app.INFO: Slim-Skeleton '/' route [] {"uid":"e6b4a1a"}
[2018-08-31 11:11:09] slim-app.INFO: Slim-Skeleton '/' route [] {"uid":"26805e7"}
[2018-08-31 11:11:09] slim-app.INFO: Slim-Skeleton '/' route [] {"uid":"9f915e4"}
[2018-08-31 11:11:10] slim-app.INFO: Slim-Skeleton '/' route [] {"uid":"9b556eb"}
[2018-08-31 11:11:10] slim-app.INFO: Slim-Skeleton '/' route [] {"uid":"32c90f4"}
[2018-08-31 11:11:11] slim-app.INFO: Slim-Skeleton '/' route [] {"uid":"6081e7b"}
[2018-08-31 11:11:11] slim-app.INFO: Slim-Skeleton '/' route [] {"uid":"1386177"}
[2018-08-31 11:11:12] slim-app.INFO: Slim-Skeleton '/' route [] {"uid":"d26fb31"}
[2018-08-31 11:11:12] slim-app.INFO: Slim-Skeleton '/' route [] {"uid":"c99abbc"}
[2018-08-31 11:11:12] slim-app.INFO: Slim-Skeleton '/' route [] {"uid":"becb93a"}
[2018-08-31 11:11:13] slim-app.INFO: Slim-Skeleton '/' route [] {"uid":"f54db87"}
[2018-08-31 11:11:13] slim-app.INFO: Slim-Skeleton '/' route [] {"uid":"3a136f4"}
[2018-08-31 11:11:41] slim-app.INFO: Slim-Skeleton '/' route [] {"uid":"be055b7"}
[2018-08-31 11:11:43] slim-app.INFO: Slim-Skeleton '/' route [] {"uid":"e14af64"}
[2018-08-31 11:11:44] slim-app.INFO: Slim-Skeleton '/' route [] {"uid":"b95130a"}
[2018-08-31 11:11:44] slim-app.INFO: Slim-Skeleton '/' route [] {"uid":"a72cf08"}
[2018-08-31 11:11:45] slim-app.INFO: Slim-Skeleton '/' route [] {"uid":"fdeae6f"}
[2018-08-31 11:11:46] slim-app.INFO: Slim-Skeleton '/' route [] {"uid":"942a23b"}
[2018-08-31 11:11:46] slim-app.INFO: Slim-Skeleton '/' route [] {"uid":"f51d47f"}
[2018-08-31 11:11:46] slim-app.INFO: Slim-Skeleton '/' route [] {"uid":"d445db0"}
[2018-08-31 11:11:47] slim-app.INFO: Slim-Skeleton '/' route [] {"uid":"910a8de"}
[2018-08-31 11:11:57] slim-app.INFO: Slim-Skeleton '/' route [] {"uid":"5b3e235"}
[2018-08-31 11:11:57] slim-app.INFO: Slim-Skeleton '/' route [] {"uid":"dec5d5a"}
[2018-08-31 11:11:58] slim-app.INFO: Slim-Skeleton '/' route [] {"uid":"9c67e4b"}
[2018-08-31 11:11:58] slim-app.INFO: Slim-Skeleton '/' route [] {"uid":"be65625"}
[2018-08-31 11:11:58] slim-app.INFO: Slim-Skeleton '/' route [] {"uid":"feaa2cb"}
[2018-08-31 11:11:58] slim-app.INFO: Slim-Skeleton '/' route [] {"uid":"125c6f6"}
[2018-08-31 11:11:59] slim-app.INFO: Slim-Skeleton '/' route [] {"uid":"63b4b4c"}
[2018-08-31 11:11:59] slim-app.INFO: Slim-Skeleton '/' route [] {"uid":"96bfced"}
[2018-08-31 11:12:00] slim-app.INFO: Slim-Skeleton '/' route [] {"uid":"2d31485"}
[2018-08-31 11:12:00] slim-app.INFO: Slim-Skeleton '/' route [] {"uid":"ec23e72"}
[2018-08-31 11:12:00] slim-app.INFO: Slim-Skeleton '/' route [] {"uid":"91ab6a6"}
[2018-08-31 11:12:01] slim-app.INFO: Slim-Skeleton '/' route [] {"uid":"3a7b14c"}
[2018-08-31 11:12:01] slim-app.INFO: Slim-Skeleton '/' route [] {"uid":"05d830d"}
[2018-08-31 11:12:02] slim-app.INFO: Slim-Skeleton '/' route [] {"uid":"8ba1a4b"}
[2018-08-31 11:12:02] slim-app.INFO: Slim-Skeleton '/' route [] {"uid":"3137643"}
[2018-08-31 11:12:03] slim-app.INFO: Slim-Skeleton '/' route [] {"uid":"77b2de1"}
[2018-08-31 11:12:32] slim-app.INFO: Slim-Skeleton '/' route [] {"uid":"4bb7a75"}
[2018-08-31 11:12:33] slim-app.INFO: Slim-Skeleton '/' route [] {"uid":"e13c9ff"}
[2018-08-31 11:12:34] slim-app.INFO: Slim-Skeleton '/' route [] {"uid":"d9f5c6f"}
[2018-08-31 11:12:34] slim-app.INFO: Slim-Skeleton '/' route [] {"uid":"6271a4c"}
[2018-08-31 11:12:34] slim-app.INFO: Slim-Skeleton '/' route [] {"uid":"9ec7d06"}
[2018-08-31 11:12:35] slim-app.INFO: Slim-Skeleton '/' route [] {"uid":"9d82f1e"}
[2018-08-31 11:12:35] slim-app.INFO: Slim-Skeleton '/' route [] {"uid":"f98f40b"}
[2018-08-31 11:12:35] slim-app.INFO: Slim-Skeleton '/' route [] {"uid":"f69aa5b"}
[2018-08-31 11:12:36] slim-app.INFO: Slim-Skeleton '/' route [] {"uid":"65aac5b"}
[2018-08-31 11:12:36] slim-app.INFO: Slim-Skeleton '/' route [] {"uid":"d8be994"}
[2018-08-31 11:12:44] slim-app.INFO: Slim-Skeleton '/' route [] {"uid":"a87de17"}
[2018-08-31 11:13:05] slim-app.INFO: Slim-Skeleton '/' route [] {"uid":"d68a531"}
[2018-08-31 11:13:05] slim-app.INFO: Slim-Skeleton '/' route [] {"uid":"a7e1342"}
[2018-08-31 11:13:06] slim-app.INFO: Slim-Skeleton '/' route [] {"uid":"d2b6866"}
[2018-08-31 11:13:06] slim-app.INFO: Slim-Skeleton '/' route [] {"uid":"4864bb6"}
[2018-08-31 11:13:07] slim-app.INFO: Slim-Skeleton '/' route [] {"uid":"cb93769"}
[2018-08-31 11:13:07] slim-app.INFO: Slim-Skeleton '/' route [] {"uid":"45533da"}
[2018-08-31 11:13:07] slim-app.INFO: Slim-Skeleton '/' route [] {"uid":"f623d18"}
[2018-08-31 11:13:08] slim-app.INFO: Slim-Skeleton '/' route [] {"uid":"e62e59a"}
[2018-08-31 11:13:08] slim-app.INFO: Slim-Skeleton '/' route [] {"uid":"1c6611d"}
[2018-08-31 11:13:09] slim-app.INFO: Slim-Skeleton '/' route [] {"uid":"ccb4876"}
[2018-08-31 11:13:09] slim-app.INFO: Slim-Skeleton '/' route [] {"uid":"bceabf3"}
[2018-08-31 11:13:17] slim-app.INFO: Slim-Skeleton '/' route [] {"uid":"37136a3"}
[2018-08-31 11:13:18] slim-app.INFO: Slim-Skeleton '/' route [] {"uid":"8f91ee2"}
[2018-08-31 11:13:18] slim-app.INFO: Slim-Skeleton '/' route [] {"uid":"b4822f0"}
[2018-08-31 11:13:18] slim-app.INFO: Slim-Skeleton '/' route [] {"uid":"9872083"}
[2018-08-31 11:13:19] slim-app.INFO: Slim-Skeleton '/' route [] {"uid":"3a22b0e"}
[2018-08-31 11:13:19] slim-app.INFO: Slim-Skeleton '/' route [] {"uid":"3aab570"}
[2018-08-31 11:13:19] slim-app.INFO: Slim-Skeleton '/' route [] {"uid":"fe1a4fe"}
[2018-08-31 11:13:19] slim-app.INFO: Slim-Skeleton '/' route [] {"uid":"3830ab1"}
[2018-08-31 11:13:20] slim-app.INFO: Slim-Skeleton '/' route [] {"uid":"75f3775"}
[2018-08-31 11:13:20] slim-app.INFO: Slim-Skeleton '/' route [] {"uid":"52b1ba5"}
[2018-08-31 11:13:20] slim-app.INFO: Slim-Skeleton '/' route [] {"uid":"82b2683"}
[2018-08-31 11:13:48] slim-app.INFO: Slim-Skeleton '/' route [] {"uid":"5a65c2d"}
[2018-08-31 11:14:06] slim-app.INFO: Slim-Skeleton '/' route [] {"uid":"1e9f892"}
[2018-08-31 11:14:06] slim-app.INFO: Slim-Skeleton '/' route [] {"uid":"524b388"}
[2018-08-31 11:14:07] slim-app.INFO: Slim-Skeleton '/' route [] {"uid":"3d1e312"}
[2018-08-31 11:14:08] slim-app.INFO: Slim-Skeleton '/' route [] {"uid":"94baf64"}
[2018-08-31 11:14:08] slim-app.INFO: Slim-Skeleton '/' route [] {"uid":"0187561"}
[2018-08-31 11:14:09] slim-app.INFO: Slim-Skeleton '/' route [] {"uid":"9e6f778"}
[2018-08-31 11:14:09] slim-app.INFO: Slim-Skeleton '/' route [] {"uid":"e440067"}
[2018-08-31 11:14:10] slim-app.INFO: Slim-Skeleton '/' route [] {"uid":"c224cac"}
[2018-08-31 11:14:10] slim-app.INFO: Slim-Skeleton '/' route [] {"uid":"d4d09d3"}
[2018-08-31 11:14:10] slim-app.INFO: Slim-Skeleton '/' route [] {"uid":"b88584d"}
[2018-08-31 11:14:11] slim-app.INFO: Slim-Skeleton '/' route [] {"uid":"edcee6e"}
[2018-08-31 11:14:11] slim-app.INFO: Slim-Skeleton '/' route [] {"uid":"64414e0"}
[2018-08-31 11:14:11] slim-app.INFO: Slim-Skeleton '/' route [] {"uid":"7a652cc"}
[2018-08-31 11:14:11] slim-app.INFO: Slim-Skeleton '/' route [] {"uid":"ceaf9fd"}
[2018-08-31 11:14:12] slim-app.INFO: Slim-Skeleton '/' route [] {"uid":"7dedee7"}
[2018-08-31 11:14:12] slim-app.INFO: Slim-Skeleton '/' route [] {"uid":"9024923"}
[2018-08-31 11:14:12] slim-app.INFO: Slim-Skeleton '/' route [] {"uid":"4f5ab10"}
[2018-08-31 11:14:13] slim-app.INFO: Slim-Skeleton '/' route [] {"uid":"c3b4ab7"}
[2018-08-31 11:14:15] slim-app.INFO: Slim-Skeleton '/' route [] {"uid":"56e10ee"}
[2018-08-31 11:14:19] slim-app.INFO: Slim-Skeleton '/' route [] {"uid":"4049826"}
[2018-08-31 11:14:21] slim-app.INFO: Slim-Skeleton '/' route [] {"uid":"d8c9c1c"}
[2018-08-31 11:14:23] slim-app.INFO: Slim-Skeleton '/' route [] {"uid":"5f5048f"}
[2018-08-31 11:14:25] slim-app.INFO: Slim-Skeleton '/' route [] {"uid":"7053747"}
[2018-08-31 11:14:26] slim-app.INFO: Slim-Skeleton '/' route [] {"uid":"08c977a"}
[2018-08-31 11:14:27] slim-app.INFO: Slim-Skeleton '/' route [] {"uid":"874bbd1"}
[2018-08-31 11:14:28] slim-app.INFO: Slim-Skeleton '/' route [] {"uid":"65c2360"}
[2018-08-31 11:14:29] slim-app.INFO: Slim-Skeleton '/' route [] {"uid":"813d7cb"}
[2018-08-31 11:14:31] slim-app.INFO: Slim-Skeleton '/' route [] {"uid":"f92d905"}
[2018-08-31 11:14:33] slim-app.INFO: Slim-Skeleton '/' route [] {"uid":"2f299d7"}
[2018-08-31 11:14:34] slim-app.INFO: Slim-Skeleton '/' route [] {"uid":"01781a5"}
[2018-08-31 11:14:35] slim-app.INFO: Slim-Skeleton '/' route [] {"uid":"782b770"}
[2018-08-31 11:14:37] slim-app.INFO: Slim-Skeleton '/' route [] {"uid":"9075443"}
[2018-08-31 11:14:39] slim-app.INFO: Slim-Skeleton '/' route [] {"uid":"5d0f765"}
[2018-08-31 11:14:40] slim-app.INFO: Slim-Skeleton '/' route [] {"uid":"2bea0be"}
[2018-08-31 11:14:42] slim-app.INFO: Slim-Skeleton '/' route [] {"uid":"aebc470"}
[2018-08-31 11:14:43] slim-app.INFO: Slim-Skeleton '/' route [] {"uid":"f1eae42"}
[2018-08-31 11:14:44] slim-app.INFO: Slim-Skeleton '/' route [] {"uid":"cb5697e"}
[2018-08-31 11:14:44] slim-app.INFO: Slim-Skeleton '/' route [] {"uid":"997624b"}
[2018-08-31 11:14:45] slim-app.INFO: Slim-Skeleton '/' route [] {"uid":"fa67dea"}
[2018-08-31 11:14:47] slim-app.INFO: Slim-Skeleton '/' route [] {"uid":"1c96217"}
[2018-08-31 11:14:48] slim-app.INFO: Slim-Skeleton '/' route [] {"uid":"09866a7"}
[2018-08-31 11:14:49] slim-app.INFO: Slim-Skeleton '/' route [] {"uid":"ed88723"}
[2018-08-31 11:14:49] slim-app.INFO: Slim-Skeleton '/' route [] {"uid":"bea52d7"}
[2018-08-31 11:17:07] slim-app.INFO: Slim-Skeleton '/' route [] {"uid":"ed77a35"}
[2018-08-31 11:17:09] slim-app.INFO: Slim-Skeleton '/' route [] {"uid":"1164ddb"}
[2018-08-31 11:17:09] slim-app.INFO: Slim-Skeleton '/' route [] {"uid":"8d84300"}
[2018-08-31 11:17:10] slim-app.INFO: Slim-Skeleton '/' route [] {"uid":"e5ed86b"}
[2018-08-31 11:17:14] slim-app.INFO: Slim-Skeleton '/' route [] {"uid":"3d80e7f"}
[2018-08-31 11:17:16] slim-app.INFO: Slim-Skeleton '/' route [] {"uid":"5357c7e"}
[2018-08-31 11:17:18] slim-app.INFO: Slim-Skeleton '/' route [] {"uid":"4ebb68b"}
[2018-08-31 11:17:19] slim-app.INFO: Slim-Skeleton '/' route [] {"uid":"143ad7d"}
[2018-08-31 11:17:22] slim-app.INFO: Slim-Skeleton '/' route [] {"uid":"15f6e2a"}
[2018-08-31 11:17:24] slim-app.INFO: Slim-Skeleton '/' route [] {"uid":"95fe9de"}
[2018-08-31 11:18:13] slim-app.INFO: Slim-Skeleton '/' route [] {"uid":"112f7d7"}
[2018-08-31 11:18:15] slim-app.INFO: Slim-Skeleton '/' route [] {"uid":"7a46bbb"}
[2018-08-31 11:18:15] slim-app.INFO: Slim-Skeleton '/' route [] {"uid":"393e100"}
[2018-08-31 11:18:16] slim-app.INFO: Slim-Skeleton '/' route [] {"uid":"35d9320"}
[2018-08-31 11:18:17] slim-app.INFO: Slim-Skeleton '/' route [] {"uid":"b39f648"}
[2018-08-31 11:18:17] slim-app.INFO: Slim-Skeleton '/' route [] {"uid":"70ef604"}
[2018-08-31 11:18:18] slim-app.INFO: Slim-Skeleton '/' route [] {"uid":"d4db068"}
[2018-08-31 11:18:19] slim-app.INFO: Slim-Skeleton '/' route [] {"uid":"f9f8486"}
[2018-08-31 11:18:19] slim-app.INFO: Slim-Skeleton '/' route [] {"uid":"1aad0e5"}
[2018-08-31 11:18:19] slim-app.INFO: Slim-Skeleton '/' route [] {"uid":"1abc76d"}
[2018-08-31 11:18:19] slim-app.INFO: Slim-Skeleton '/' route [] {"uid":"3001476"}
[2018-08-31 11:21:27] slim-app.INFO: Slim-Skeleton '/' route [] {"uid":"44cc168"}
[2018-08-31 14:02:53] rpgalapi.INFO: Slim-Skeletonssss '/' route [] {"uid":"5eb7be4"}
[2018-08-31 14:06:57] rpgalapi.INFO: Slim-Skeletonssss '/' route [] {"uid":"36ecaa0"}
[2018-08-31 14:06:58] rpgalapi.INFO: Slim-Skeletonssss '/' route [] {"uid":"eb20907"}
[2018-08-31 14:06:58] rpgalapi.INFO: Slim-Skeletonssss '/' route [] {"uid":"f6d3835"}
[2018-08-31 14:06:58] rpgalapi.INFO: Slim-Skeletonssss '/' route [] {"uid":"df284fd"}
[2018-08-31 14:06:58] rpgalapi.INFO: Slim-Skeletonssss '/' route [] {"uid":"0279e0f"}
[2018-08-31 14:46:45] rpgalapi.INFO: Slim-Skeletonssss '/' route [] {"uid":"7bbdd70"}
[2018-09-03 14:09:54] rpgalapi.DEBUG: PATH: \play | ARGS:[]RESP: {"ttl":2000,"token":"85eea6db39e844f0813e15f5ab030fd9","shift":{"player1":"dc8917193e44416cc6e0708584a02d2e","player2":"3666e253b17d435cb7dba55d19390fa3","token":"85eea6db39e844f0813e15f5ab030fd9","status":"1","shift":"0"},"player1":{"token":"dc8917193e44416cc6e0708584a02d2e","name":"Thorrichsere","code":"4","damage_dice":"6","weapon_name":"Espada Longa","weapon_damage":"2","image":"https:\/\/i.pinimg.com\/originals\/7d\/8e\/7b\/7d8e7b9716732851a9fe3269c627cf3a.jpg","race_name":"human","agility":"2","weapon_defense":"1","weapon_image":"http:\/\/medievalsystem.weebly.com\/uploads\/6\/3\/6\/3\/6363280\/302247112.png","force":"1","life":"12"},"player2":{"token":"3666e253b17d435cb7dba55d19390fa3","name":"Graelurk","code":"2","damage_dice":"8","weapon_name":"Clava Madeira","weapon_damage":"1","image":"https:\/\/1d4chan.org\/images\/thumb\/d\/d8\/Orc.jpg\/400px-Orc.jpg","race_name":"orc","agility":"0","weapon_defense":"0","weapon_image":"https:\/\/baby-ams.weebly.com\/uploads\/2\/4\/4\/6\/24465180\/8983596.jpg?195","force":"2","life":"20"}} [] {"uid":"853b7da"}
[2018-09-03 14:11:40] rpgalapi.DEBUG: PATH: \play | ARGS:{"token":"85eea6db39e844f0813e15f5ab030fd9"}RESP: {"ttl":2000,"token":"85eea6db39e844f0813e15f5ab030fd9","shift":{"player1":"dc8917193e44416cc6e0708584a02d2e","player2":"3666e253b17d435cb7dba55d19390fa3","token":"85eea6db39e844f0813e15f5ab030fd9","status":"1","shift":"0","iniciative":"3666e253b17d435cb7dba55d19390fa3"},"player1":{"token":"dc8917193e44416cc6e0708584a02d2e","name":"Thorrichsere","code":"4","damage_dice":"6","weapon_name":"Espada Longa","weapon_damage":"2","image":"https:\/\/i.pinimg.com\/originals\/7d\/8e\/7b\/7d8e7b9716732851a9fe3269c627cf3a.jpg","race_name":"human","agility":"2","weapon_defense":"1","weapon_image":"http:\/\/medievalsystem.weebly.com\/uploads\/6\/3\/6\/3\/6363280\/302247112.png","force":"1","life":"12"},"player2":{"token":"3666e253b17d435cb7dba55d19390fa3","name":"Graelurk","code":"2","damage_dice":"8","weapon_name":"Clava Madeira","weapon_damage":"1","image":"https:\/\/1d4chan.org\/images\/thumb\/d\/d8\/Orc.jpg\/400px-Orc.jpg","iniciative":"1","race_name":"orc","agility":"0","weapon_defense":"0","weapon_image":"https:\/\/baby-ams.weebly.com\/uploads\/2\/4\/4\/6\/24465180\/8983596.jpg?195","force":"2","life":"20"}} [] {"uid":"3406778"}
[2018-09-03 14:11:41] rpgalapi.DEBUG: PATH: \play | ARGS:{"token":"85eea6db39e844f0813e15f5ab030fd9"}RESP: null [] {"uid":"a42b7f6"}
[2018-09-03 14:11:41] rpgalapi.DEBUG: PATH: \play | ARGS:{"token":"85eea6db39e844f0813e15f5ab030fd9"}RESP: {"ttl":1999,"token":"85eea6db39e844f0813e15f5ab030fd9","shift":{"player1":"dc8917193e44416cc6e0708584a02d2e","player2":"3666e253b17d435cb7dba55d19390fa3","token":"85eea6db39e844f0813e15f5ab030fd9","status":"1","shift":"0","iniciative":"3666e253b17d435cb7dba55d19390fa3"},"player1":{"token":"dc8917193e44416cc6e0708584a02d2e","name":"Thorrichsere","code":"4","damage_dice":"6","weapon_name":"Espada Longa","weapon_damage":"2","image":"https:\/\/i.pinimg.com\/originals\/7d\/8e\/7b\/7d8e7b9716732851a9fe3269c627cf3a.jpg","race_name":"human","agility":"2","weapon_defense":"1","weapon_image":"http:\/\/medievalsystem.weebly.com\/uploads\/6\/3\/6\/3\/6363280\/302247112.png","force":"1","life":"12"},"player2":{"token":"3666e253b17d435cb7dba55d19390fa3","name":"Graelurk","code":"2","damage_dice":"8","weapon_name":"Clava Madeira","weapon_damage":"1","image":"https:\/\/1d4chan.org\/images\/thumb\/d\/d8\/Orc.jpg\/400px-Orc.jpg","iniciative":"1","race_name":"orc","agility":"0","weapon_defense":"0","weapon_image":"https:\/\/baby-ams.weebly.com\/uploads\/2\/4\/4\/6\/24465180\/8983596.jpg?195","force":"2","life":"18"}} [] {"uid":"3aef2cc"}
[2018-09-03 14:11:41] rpgalapi.DEBUG: PATH: \play | ARGS:{"token":"85eea6db39e844f0813e15f5ab030fd9"}RESP: null [] {"uid":"f64e05c"}
[2018-09-03 14:11:41] rpgalapi.DEBUG: PATH: \play | ARGS:{"token":"85eea6db39e844f0813e15f5ab030fd9"}RESP: {"ttl":1999,"token":"85eea6db39e844f0813e15f5ab030fd9","shift":{"player1":"dc8917193e44416cc6e0708584a02d2e","player2":"3666e253b17d435cb7dba55d19390fa3","token":"85eea6db39e844f0813e15f5ab030fd9","status":"1","shift":"0","iniciative":"3666e253b17d435cb7dba55d19390fa3"},"player1":{"token":"dc8917193e44416cc6e0708584a02d2e","name":"Thorrichsere","code":"4","damage_dice":"6","weapon_name":"Espada Longa","weapon_damage":"2","image":"https:\/\/i.pinimg.com\/originals\/7d\/8e\/7b\/7d8e7b9716732851a9fe3269c627cf3a.jpg","race_name":"human","agility":"2","weapon_defense":"1","weapon_image":"http:\/\/medievalsystem.weebly.com\/uploads\/6\/3\/6\/3\/6363280\/302247112.png","force":"1","life":"8"},"player2":{"token":"3666e253b17d435cb7dba55d19390fa3","name":"Graelurk","code":"2","damage_dice":"8","weapon_name":"Clava Madeira","weapon_damage":"1","image":"https:\/\/1d4chan.org\/images\/thumb\/d\/d8\/Orc.jpg\/400px-Orc.jpg","iniciative":"1","race_name":"orc","agility":"0","weapon_defense":"0","weapon_image":"https:\/\/baby-ams.weebly.com\/uploads\/2\/4\/4\/6\/24465180\/8983596.jpg?195","force":"2","life":"15"}} [] {"uid":"68cb2cc"}
[2018-09-03 14:11:41] rpgalapi.DEBUG: PATH: \play | ARGS:{"token":"85eea6db39e844f0813e15f5ab030fd9"}RESP: null [] {"uid":"034297e"}
[2018-09-03 14:11:42] rpgalapi.DEBUG: PATH: \play | ARGS:{"token":"85eea6db39e844f0813e15f5ab030fd9"}RESP: {"ttl":2000,"token":"85eea6db39e844f0813e15f5ab030fd9","shift":{"player1":"dc8917193e44416cc6e0708584a02d2e","player2":"3666e253b17d435cb7dba55d19390fa3","token":"85eea6db39e844f0813e15f5ab030fd9","status":"","shift":"0","iniciative":"3666e253b17d435cb7dba55d19390fa3"},"player1":{"token":"dc8917193e44416cc6e0708584a02d2e","name":"Thorrichsere","code":"4","damage_dice":"6","weapon_name":"Espada Longa","weapon_damage":"2","image":"https:\/\/i.pinimg.com\/originals\/7d\/8e\/7b\/7d8e7b9716732851a9fe3269c627cf3a.jpg","race_name":"human","agility":"2","weapon_defense":"1","weapon_image":"http:\/\/medievalsystem.weebly.com\/uploads\/6\/3\/6\/3\/6363280\/302247112.png","force":"1","life":"0"},"player2":{"token":"3666e253b17d435cb7dba55d19390fa3","name":"Graelurk","code":"2","damage_dice":"8","weapon_name":"Clava Madeira","weapon_damage":"1","image":"https:\/\/1d4chan.org\/images\/thumb\/d\/d8\/Orc.jpg\/400px-Orc.jpg","iniciative":"1","race_name":"orc","agility":"0","weapon_defense":"0","weapon_image":"https:\/\/baby-ams.weebly.com\/uploads\/2\/4\/4\/6\/24465180\/8983596.jpg?195","force":"2","life":"15"}} [] {"uid":"7da713e"}
[2018-09-03 14:11:42] rpgalapi.DEBUG: PATH: \play | ARGS:{"token":"85eea6db39e844f0813e15f5ab030fd9"}RESP: null [] {"uid":"1406ace"}
[2018-09-03 14:11:42] rpgalapi.DEBUG: PATH: \play | ARGS:{"token":"85eea6db39e844f0813e15f5ab030fd9"}RESP: {"ttl":2000,"token":"85eea6db39e844f0813e15f5ab030fd9","shift":{"player1":"dc8917193e44416cc6e0708584a02d2e","player2":"3666e253b17d435cb7dba55d19390fa3","token":"85eea6db39e844f0813e15f5ab030fd9","status":"","shift":"0","iniciative":"3666e253b17d435cb7dba55d19390fa3"},"player1":{"token":"dc8917193e44416cc6e0708584a02d2e","name":"Thorrichsere","code":"4","damage_dice":"6","weapon_name":"Espada Longa","weapon_damage":"2","image":"https:\/\/i.pinimg.com\/originals\/7d\/8e\/7b\/7d8e7b9716732851a9fe3269c627cf3a.jpg","race_name":"human","agility":"2","weapon_defense":"1","weapon_image":"http:\/\/medievalsystem.weebly.com\/uploads\/6\/3\/6\/3\/6363280\/302247112.png","force":"1","life":"0"},"player2":{"token":"3666e253b17d435cb7dba55d19390fa3","name":"Graelurk","code":"2","damage_dice":"8","weapon_name":"Clava Madeira","weapon_damage":"1","image":"https:\/\/1d4chan.org\/images\/thumb\/d\/d8\/Orc.jpg\/400px-Orc.jpg","iniciative":"1","race_name":"orc","agility":"0","weapon_defense":"0","weapon_image":"https:\/\/baby-ams.weebly.com\/uploads\/2\/4\/4\/6\/24465180\/8983596.jpg?195","force":"2","life":"15"}} [] {"uid":"4e24e5c"}
[2018-09-03 14:11:42] rpgalapi.DEBUG: PATH: \play | ARGS:{"token":"85eea6db39e844f0813e15f5ab030fd9"}RESP: null [] {"uid":"6827625"}
[2018-09-03 14:11:42] rpgalapi.DEBUG: PATH: \play | ARGS:{"token":"85eea6db39e844f0813e15f5ab030fd9"}RESP: {"ttl":1999,"token":"85eea6db39e844f0813e15f5ab030fd9","shift":{"player1":"dc8917193e44416cc6e0708584a02d2e","player2":"3666e253b17d435cb7dba55d19390fa3","token":"85eea6db39e844f0813e15f5ab030fd9","status":"","shift":"0","iniciative":"3666e253b17d435cb7dba55d19390fa3"},"player1":{"token":"dc8917193e44416cc6e0708584a02d2e","name":"Thorrichsere","code":"4","damage_dice":"6","weapon_name":"Espada Longa","weapon_damage":"2","image":"https:\/\/i.pinimg.com\/originals\/7d\/8e\/7b\/7d8e7b9716732851a9fe3269c627cf3a.jpg","race_name":"human","agility":"2","weapon_defense":"1","weapon_image":"http:\/\/medievalsystem.weebly.com\/uploads\/6\/3\/6\/3\/6363280\/302247112.png","force":"1","life":"0"},"player2":{"token":"3666e253b17d435cb7dba55d19390fa3","name":"Graelurk","code":"2","damage_dice":"8","weapon_name":"Clava Madeira","weapon_damage":"1","image":"https:\/\/1d4chan.org\/images\/thumb\/d\/d8\/Orc.jpg\/400px-Orc.jpg","iniciative":"1","race_name":"orc","agility":"0","weapon_defense":"0","weapon_image":"https:\/\/baby-ams.weebly.com\/uploads\/2\/4\/4\/6\/24465180\/8983596.jpg?195","force":"2","life":"15"}} [] {"uid":"01e0863"}
[2018-09-03 14:11:42] rpgalapi.DEBUG: PATH: \play | ARGS:{"token":"85eea6db39e844f0813e15f5ab030fd9"}RESP: null [] {"uid":"c4dd492"}
[2018-09-03 14:11:43] rpgalapi.DEBUG: PATH: \play | ARGS:{"token":"85eea6db39e844f0813e15f5ab030fd9"}RESP: {"ttl":1999,"token":"85eea6db39e844f0813e15f5ab030fd9","shift":{"player1":"dc8917193e44416cc6e0708584a02d2e","player2":"3666e253b17d435cb7dba55d19390fa3","token":"85eea6db39e844f0813e15f5ab030fd9","status":"","shift":"0","iniciative":"3666e253b17d435cb7dba55d19390fa3"},"player1":{"token":"dc8917193e44416cc6e0708584a02d2e","name":"Thorrichsere","code":"4","damage_dice":"6","weapon_name":"Espada Longa","weapon_damage":"2","image":"https:\/\/i.pinimg.com\/originals\/7d\/8e\/7b\/7d8e7b9716732851a9fe3269c627cf3a.jpg","race_name":"human","agility":"2","weapon_defense":"1","weapon_image":"http:\/\/medievalsystem.weebly.com\/uploads\/6\/3\/6\/3\/6363280\/302247112.png","force":"1","life":"0"},"player2":{"token":"3666e253b17d435cb7dba55d19390fa3","name":"Graelurk","code":"2","damage_dice":"8","weapon_name":"Clava Madeira","weapon_damage":"1","image":"https:\/\/1d4chan.org\/images\/thumb\/d\/d8\/Orc.jpg\/400px-Orc.jpg","iniciative":"1","race_name":"orc","agility":"0","weapon_defense":"0","weapon_image":"https:\/\/baby-ams.weebly.com\/uploads\/2\/4\/4\/6\/24465180\/8983596.jpg?195","force":"2","life":"15"}} [] {"uid":"bf782ab"}
[2018-09-03 14:11:43] rpgalapi.DEBUG: PATH: \play | ARGS:{"token":"85eea6db39e844f0813e15f5ab030fd9"}RESP: null [] {"uid":"4f67d21"}
[2018-09-03 14:11:43] rpgalapi.DEBUG: PATH: \play | ARGS:{"token":"85eea6db39e844f0813e15f5ab030fd9"}RESP: {"ttl":1998,"token":"85eea6db39e844f0813e15f5ab030fd9","shift":{"player1":"dc8917193e44416cc6e0708584a02d2e","player2":"3666e253b17d435cb7dba55d19390fa3","token":"85eea6db39e844f0813e15f5ab030fd9","status":"","shift":"0","iniciative":"3666e253b17d435cb7dba55d19390fa3"},"player1":{"token":"dc8917193e44416cc6e0708584a02d2e","name":"Thorrichsere","code":"4","damage_dice":"6","weapon_name":"Espada Longa","weapon_damage":"2","image":"https:\/\/i.pinimg.com\/originals\/7d\/8e\/7b\/7d8e7b9716732851a9fe3269c627cf3a.jpg","race_name":"human","agility":"2","weapon_defense":"1","weapon_image":"http:\/\/medievalsystem.weebly.com\/uploads\/6\/3\/6\/3\/6363280\/302247112.png","force":"1","life":"0"},"player2":{"token":"3666e253b17d435cb7dba55d19390fa3","name":"Graelurk","code":"2","damage_dice":"8","weapon_name":"Clava Madeira","weapon_damage":"1","image":"https:\/\/1d4chan.org\/images\/thumb\/d\/d8\/Orc.jpg\/400px-Orc.jpg","iniciative":"1","race_name":"orc","agility":"0","weapon_defense":"0","weapon_image":"https:\/\/baby-ams.weebly.com\/uploads\/2\/4\/4\/6\/24465180\/8983596.jpg?195","force":"2","life":"15"}} [] {"uid":"e46142d"}
[2018-09-03 14:11:43] rpgalapi.DEBUG: PATH: \play | ARGS:{"token":"85eea6db39e844f0813e15f5ab030fd9"}RESP: null [] {"uid":"4a0c9e7"}
[2018-09-03 14:11:43] rpgalapi.DEBUG: PATH: \play | ARGS:{"token":"85eea6db39e844f0813e15f5ab030fd9"}RESP: {"ttl":1998,"token":"85eea6db39e844f0813e15f5ab030fd9","shift":{"player1":"dc8917193e44416cc6e0708584a02d2e","player2":"3666e253b17d435cb7dba55d19390fa3","token":"85eea6db39e844f0813e15f5ab030fd9","status":"","shift":"0","iniciative":"3666e253b17d435cb7dba55d19390fa3"},"player1":{"token":"dc8917193e44416cc6e0708584a02d2e","name":"Thorrichsere","code":"4","damage_dice":"6","weapon_name":"Espada Longa","weapon_damage":"2","image":"https:\/\/i.pinimg.com\/originals\/7d\/8e\/7b\/7d8e7b9716732851a9fe3269c627cf3a.jpg","race_name":"human","agility":"2","weapon_defense":"1","weapon_image":"http:\/\/medievalsystem.weebly.com\/uploads\/6\/3\/6\/3\/6363280\/302247112.png","force":"1","life":"0"},"player2":{"token":"3666e253b17d435cb7dba55d19390fa3","name":"Graelurk","code":"2","damage_dice":"8","weapon_name":"Clava Madeira","weapon_damage":"1","image":"https:\/\/1d4chan.org\/images\/thumb\/d\/d8\/Orc.jpg\/400px-Orc.jpg","iniciative":"1","race_name":"orc","agility":"0","weapon_defense":"0","weapon_image":"https:\/\/baby-ams.weebly.com\/uploads\/2\/4\/4\/6\/24465180\/8983596.jpg?195","force":"2","life":"15"}} [] {"uid":"4fb6b09"}
[2018-09-03 14:11:44] rpgalapi.DEBUG: PATH: \play | ARGS:[]RESP: {"ttl":2000,"token":"8d5dd9ea163e4af8b98d699b109961bd","shift":{"player1":"264cef8691aa4c3ed22e5f540741258c","player2":"8687c9d6916442629d9762bec15c2008","token":"8d5dd9ea163e4af8b98d699b109961bd","status":"1","shift":"0"},"player1":{"token":"264cef8691aa4c3ed22e5f540741258c","name":"Thorrichsere","code":"4","damage_dice":"6","weapon_name":"Espada Longa","weapon_damage":"2","image":"https:\/\/i.pinimg.com\/originals\/7d\/8e\/7b\/7d8e7b9716732851a9fe3269c627cf3a.jpg","race_name":"human","agility":"2","weapon_defense":"1","weapon_image":"http:\/\/medievalsystem.weebly.com\/uploads\/6\/3\/6\/3\/6363280\/302247112.png","force":"1","life":"12"},"player2":{"token":"8687c9d6916442629d9762bec15c2008","name":"Graelurk","code":"2","damage_dice":"8","weapon_name":"Clava Madeira","weapon_damage":"1","image":"https:\/\/1d4chan.org\/images\/thumb\/d\/d8\/Orc.jpg\/400px-Orc.jpg","race_name":"orc","agility":"0","weapon_defense":"0","weapon_image":"https:\/\/baby-ams.weebly.com\/uploads\/2\/4\/4\/6\/24465180\/8983596.jpg?195","force":"2","life":"20"}} [] {"uid":"856f0ab"}
[2018-09-03 14:30:48] rpgalapi.DEBUG: PATH: \play | ARGS:[]RESP: {"ttl":2000,"token":"f225884df0e5417edc7c9f726e3fa72c","shift":{"player1":"111503df6d7245e790ab7b9f02468ae2","player2":"8a8f3fc825a141bed78b94e8428b1298","token":"f225884df0e5417edc7c9f726e3fa72c","status":"1","shift":"0"},"player1":{"token":"111503df6d7245e790ab7b9f02468ae2","name":"Graelurk","code":"2","damage_dice":"8","weapon_name":"Clava Madeira","weapon_damage":"1","image":"https:\/\/1d4chan.org\/images\/thumb\/d\/d8\/Orc.jpg\/400px-Orc.jpg","race_name":"orc","agility":"0","weapon_defense":"0","weapon_image":"https:\/\/baby-ams.weebly.com\/uploads\/2\/4\/4\/6\/24465180\/8983596.jpg?195","force":"2","life":"20"},"player2":{"token":"8a8f3fc825a141bed78b94e8428b1298","name":"Sammadod","code":"5","damage_dice":"6","weapon_name":"Espada Longa","weapon_damage":"2","image":"https:\/\/i.pinimg.com\/564x\/36\/8f\/93\/368f93edbe20d8f6d6e08cb8b818470b.jpg","race_name":"human","agility":"2","weapon_defense":"1","weapon_image":"http:\/\/medievalsystem.weebly.com\/uploads\/6\/3\/6\/3\/6363280\/302247112.png","force":"1","life":"12"}} [] {"uid":"b281098"}
[2018-09-04 10:04:28] rpgalapi.DEBUG: PATH: \play | ARGS:{"token":"f225884df0e5417edc7c9f726e3fa72c"}RESP: {"ttl":2000,"token":"f225884df0e5417edc7c9f726e3fa72c","shift":{"iniciative":""},"player1":{"iniciative":"1"},"player2":{"iniciative":"1"}} [] {"uid":"5d4d751"}
[2018-09-04 10:07:28] rpgalapi.DEBUG: PATH: \play | ARGS:{"token":"f225884df0e5417edc7c9f726e3fa72c"}RESP: {"ttl":2000,"token":"f225884df0e5417edc7c9f726e3fa72c","shift":{"iniciative":""},"player1":{"iniciative":"1"},"player2":{"iniciative":"1"}} [] {"uid":"6e04e24"}
[2018-09-04 10:10:30] rpgalapi.DEBUG: PATH: \play | ARGS:[]RESP: {"ttl":2000,"token":"dee75afae80248b6fcb824a24a6f3ee9","shift":{"player1":"0f72762da6ee451ffbf26c098f7ce846","player2":"44d8434cc7e34652fcf26221c2c778df","token":"dee75afae80248b6fcb824a24a6f3ee9","status":"1","shift":"0"},"player1":{"token":"0f72762da6ee451ffbf26c098f7ce846","weapon_defense":"0","damage_dice":"8","name":"Abrukmuz","code":"3","weapon_name":"Clava Madeira","weapon_damage":"1","image":"https:\/\/db4sgowjqfwig.cloudfront.net\/campaigns\/110358\/assets\/457154\/tumblr_nk86fbMOb71trscm8o1_1280.jpg?1431128630","force":"2","agility":"0","weapon_image":"https:\/\/baby-ams.weebly.com\/uploads\/2\/4\/4\/6\/24465180\/8983596.jpg?195","race_name":"orc","life":"20"},"player2":{"token":"44d8434cc7e34652fcf26221c2c778df","weapon_defense":"1","damage_dice":"6","name":"Thorrichsere","code":"4","weapon_name":"Espada Longa","weapon_damage":"2","image":"https:\/\/i.pinimg.com\/originals\/7d\/8e\/7b\/7d8e7b9716732851a9fe3269c627cf3a.jpg","force":"1","agility":"2","weapon_image":"http:\/\/medievalsystem.weebly.com\/uploads\/6\/3\/6\/3\/6363280\/302247112.png","race_name":"human","life":"12"}} [] {"uid":"348f581"}
[2018-09-04 10:11:13] rpgalapi.DEBUG: PATH: \play | ARGS:{"token":"dee75afae80248b6fcb824a24a6f3ee9"}RESP: {"ttl":2000,"token":"dee75afae80248b6fcb824a24a6f3ee9","shift":{"player1":"0f72762da6ee451ffbf26c098f7ce846","player2":"44d8434cc7e34652fcf26221c2c778df","token":"dee75afae80248b6fcb824a24a6f3ee9","status":"1","shift":"0","iniciative":"44d8434cc7e34652fcf26221c2c778df"},"player1":{"token":"0f72762da6ee451ffbf26c098f7ce846","weapon_defense":"0","damage_dice":"8","name":"Abrukmuz","code":"3","weapon_name":"Clava Madeira","weapon_damage":"1","image":"https:\/\/db4sgowjqfwig.cloudfront.net\/campaigns\/110358\/assets\/457154\/tumblr_nk86fbMOb71trscm8o1_1280.jpg?1431128630","force":"2","agility":"0","weapon_image":"https:\/\/baby-ams.weebly.com\/uploads\/2\/4\/4\/6\/24465180\/8983596.jpg?195","race_name":"orc","life":"20"},"player2":{"token":"44d8434cc7e34652fcf26221c2c778df","weapon_defense":"1","damage_dice":"6","name":"Thorrichsere","code":"4","weapon_name":"Espada Longa","weapon_damage":"2","image":"https:\/\/i.pinimg.com\/originals\/7d\/8e\/7b\/7d8e7b9716732851a9fe3269c627cf3a.jpg","force":"1","agility":"2","iniciative":"1","weapon_image":"http:\/\/medievalsystem.weebly.com\/uploads\/6\/3\/6\/3\/6363280\/302247112.png","race_name":"human","life":"12"}} [] {"uid":"44ec131"}
[2018-09-04 10:11:16] rpgalapi.DEBUG: PATH: \play | ARGS:{"token":"dee75afae80248b6fcb824a24a6f3ee9"}RESP: null [] {"uid":"06b5780"}
[2018-09-04 10:11:16] rpgalapi.DEBUG: PATH: \play | ARGS:{"token":"dee75afae80248b6fcb824a24a6f3ee9"}RESP: {"ttl":1997,"token":"dee75afae80248b6fcb824a24a6f3ee9","shift":{"player1":"0f72762da6ee451ffbf26c098f7ce846","player2":"44d8434cc7e34652fcf26221c2c778df","token":"dee75afae80248b6fcb824a24a6f3ee9","status":"1","shift":"0","iniciative":"44d8434cc7e34652fcf26221c2c778df"},"player1":{"token":"0f72762da6ee451ffbf26c098f7ce846","weapon_defense":"0","damage_dice":"8","name":"Abrukmuz","code":"3","weapon_name":"Clava Madeira","weapon_damage":"1","image":"https:\/\/db4sgowjqfwig.cloudfront.net\/campaigns\/110358\/assets\/457154\/tumblr_nk86fbMOb71trscm8o1_1280.jpg?1431128630","force":"2","agility":"0","weapon_image":"https:\/\/baby-ams.weebly.com\/uploads\/2\/4\/4\/6\/24465180\/8983596.jpg?195","race_name":"orc","life":"20"},"player2":{"token":"44d8434cc7e34652fcf26221c2c778df","weapon_defense":"1","damage_dice":"6","name":"Thorrichsere","code":"4","weapon_name":"Espada Longa","weapon_damage":"2","image":"https:\/\/i.pinimg.com\/originals\/7d\/8e\/7b\/7d8e7b9716732851a9fe3269c627cf3a.jpg","force":"1","agility":"2","iniciative":"1","weapon_image":"http:\/\/medievalsystem.weebly.com\/uploads\/6\/3\/6\/3\/6363280\/302247112.png","race_name":"human","life":"3"}} [] {"uid":"0916227"}
[2018-09-04 10:11:18] rpgalapi.DEBUG: PATH: \play | ARGS:{"token":"dee75afae80248b6fcb824a24a6f3ee9"}RESP: null [] {"uid":"6ce75d1"}
[2018-09-04 10:11:18] rpgalapi.DEBUG: PATH: \play | ARGS:{"token":"dee75afae80248b6fcb824a24a6f3ee9"}RESP: {"ttl":2000,"token":"dee75afae80248b6fcb824a24a6f3ee9","shift":{"player1":"0f72762da6ee451ffbf26c098f7ce846","player2":"44d8434cc7e34652fcf26221c2c778df","token":"dee75afae80248b6fcb824a24a6f3ee9","status":"","shift":"0","iniciative":"44d8434cc7e34652fcf26221c2c778df"},"player1":{"token":"0f72762da6ee451ffbf26c098f7ce846","weapon_defense":"0","damage_dice":"8","name":"Abrukmuz","code":"3","weapon_name":"Clava Madeira","weapon_damage":"1","image":"https:\/\/db4sgowjqfwig.cloudfront.net\/campaigns\/110358\/assets\/457154\/tumblr_nk86fbMOb71trscm8o1_1280.jpg?1431128630","force":"2","agility":"0","weapon_image":"https:\/\/baby-ams.weebly.com\/uploads\/2\/4\/4\/6\/24465180\/8983596.jpg?195","race_name":"orc","life":"18"},"player2":{"token":"44d8434cc7e34652fcf26221c2c778df","weapon_defense":"1","damage_dice":"6","name":"Thorrichsere","code":"4","weapon_name":"Espada Longa","weapon_damage":"2","image":"https:\/\/i.pinimg.com\/originals\/7d\/8e\/7b\/7d8e7b9716732851a9fe3269c627cf3a.jpg","force":"1","agility":"2","iniciative":"1","weapon_image":"http:\/\/medievalsystem.weebly.com\/uploads\/6\/3\/6\/3\/6363280\/302247112.png","race_name":"human","life":"0"}} [] {"uid":"9651803"}
[2018-09-04 10:11:20] rpgalapi.DEBUG: PATH: \play | ARGS:[]RESP: {"ttl":2000,"token":"ddbd09d0f97e4461fd6acc5d79b97da6","shift":{"player1":"89fb67a5e08c4adce43cd8608b696bf6","player2":"c71d8ab7183145ccac2a8a9b25a73a19","token":"ddbd09d0f97e4461fd6acc5d79b97da6","status":"1","shift":"0"},"player1":{"token":"89fb67a5e08c4adce43cd8608b696bf6","weapon_defense":"1","damage_dice":"6","name":"Sammadod","code":"5","weapon_name":"Espada Longa","weapon_damage":"2","image":"https:\/\/i.pinimg.com\/564x\/36\/8f\/93\/368f93edbe20d8f6d6e08cb8b818470b.jpg","force":"1","agility":"2","weapon_image":"http:\/\/medievalsystem.weebly.com\/uploads\/6\/3\/6\/3\/6363280\/302247112.png","race_name":"human","life":"12"},"player2":{"token":"c71d8ab7183145ccac2a8a9b25a73a19","weapon_defense":"0","damage_dice":"8","name":"Graelurk","code":"2","weapon_name":"Clava Madeira","weapon_damage":"1","image":"https:\/\/1d4chan.org\/images\/thumb\/d\/d8\/Orc.jpg\/400px-Orc.jpg","force":"2","agility":"0","weapon_image":"https:\/\/baby-ams.weebly.com\/uploads\/2\/4\/4\/6\/24465180\/8983596.jpg?195","race_name":"orc","life":"20"}} [] {"uid":"1f7b16d"}
[2018-09-04 10:12:56] rpgalapi.DEBUG: PATH: \play | ARGS:[]RESP: {"ttl":2000,"token":"82bb0e19406a4e05fd70b59a11283123","shift":{"player1":"56c9cf9307414c3fe94464eee63b8aa8","player2":"d251604746ae432dd829004d423f9ec2","token":"82bb0e19406a4e05fd70b59a11283123","status":"1","shift":"0"},"player1":{"token":"56c9cf9307414c3fe94464eee63b8aa8","weapon_defense":"1","damage_dice":"6","name":"Thorrichsere","code":"4","weapon_name":"Espada Longa","weapon_damage":"2","image":"https:\/\/i.pinimg.com\/originals\/7d\/8e\/7b\/7d8e7b9716732851a9fe3269c627cf3a.jpg","force":"1","agility":"2","weapon_image":"http:\/\/medievalsystem.weebly.com\/uploads\/6\/3\/6\/3\/6363280\/302247112.png","race_name":"human","life":"12"},"player2":{"token":"d251604746ae432dd829004d423f9ec2","weapon_defense":"0","damage_dice":"8","name":"Graelurk","code":"2","weapon_name":"Clava Madeira","weapon_damage":"1","image":"https:\/\/1d4chan.org\/images\/thumb\/d\/d8\/Orc.jpg\/400px-Orc.jpg","force":"2","agility":"0","weapon_image":"https:\/\/baby-ams.weebly.com\/uploads\/2\/4\/4\/6\/24465180\/8983596.jpg?195","race_name":"orc","life":"20"}} [] {"uid":"8c080df"}
[2018-09-04 10:19:51] rpgalapi.DEBUG: PATH: \play | ARGS:{"token":"82bb0e19406a4e05fd70b59a11283123"}RESP: {"ttl":2000,"token":"82bb0e19406a4e05fd70b59a11283123","shift":{"player1":"56c9cf9307414c3fe94464eee63b8aa8","player2":"d251604746ae432dd829004d423f9ec2","token":"82bb0e19406a4e05fd70b59a11283123","status":"1","shift":"0","iniciative":"d251604746ae432dd829004d423f9ec2"},"player1":{"token":"56c9cf9307414c3fe94464eee63b8aa8","weapon_defense":"1","damage_dice":"6","name":"Thorrichsere","code":"4","weapon_name":"Espada Longa","weapon_damage":"2","image":"https:\/\/i.pinimg.com\/originals\/7d\/8e\/7b\/7d8e7b9716732851a9fe3269c627cf3a.jpg","force":"1","agility":"2","weapon_image":"http:\/\/medievalsystem.weebly.com\/uploads\/6\/3\/6\/3\/6363280\/302247112.png","race_name":"human","life":"12"},"player2":{"token":"d251604746ae432dd829004d423f9ec2","weapon_defense":"0","damage_dice":"8","name":"Graelurk","code":"2","weapon_name":"Clava Madeira","weapon_damage":"1","image":"https:\/\/1d4chan.org\/images\/thumb\/d\/d8\/Orc.jpg\/400px-Orc.jpg","force":"2","agility":"0","iniciative":"1","weapon_image":"https:\/\/baby-ams.weebly.com\/uploads\/2\/4\/4\/6\/24465180\/8983596.jpg?195","race_name":"orc","life":"20"}} [] {"uid":"235fcd2"}
[2018-09-04 10:21:29] rpgalapi.DEBUG: PATH: \play | ARGS:{"token":"82bb0e19406a4e05fd70b59a11283123"}RESP: null [] {"uid":"f687c26"}
[2018-09-04 10:21:56] rpgalapi.DEBUG: PATH: \play | ARGS:{"token":"82bb0e19406a4e05fd70b59a11283123"}RESP: {"ttl":1875,"token":"82bb0e19406a4e05fd70b59a11283123","shift":{"player1":"56c9cf9307414c3fe94464eee63b8aa8","player2":"d251604746ae432dd829004d423f9ec2","token":"82bb0e19406a4e05fd70b59a11283123","status":"1","shift":"0","iniciative":"d251604746ae432dd829004d423f9ec2"},"player1":{"token":"56c9cf9307414c3fe94464eee63b8aa8","weapon_defense":"1","damage_dice":"6","name":"Thorrichsere","code":"4","weapon_name":"Espada Longa","weapon_damage":"2","image":"https:\/\/i.pinimg.com\/originals\/7d\/8e\/7b\/7d8e7b9716732851a9fe3269c627cf3a.jpg","force":"1","agility":"2","weapon_image":"http:\/\/medievalsystem.weebly.com\/uploads\/6\/3\/6\/3\/6363280\/302247112.png","race_name":"human","life":"12"},"player2":{"token":"d251604746ae432dd829004d423f9ec2","weapon_defense":"0","damage_dice":"8","name":"Graelurk","code":"2","weapon_name":"Clava Madeira","weapon_damage":"1","image":"https:\/\/1d4chan.org\/images\/thumb\/d\/d8\/Orc.jpg\/400px-Orc.jpg","force":"2","agility":"0","iniciative":"1","weapon_image":"https:\/\/baby-ams.weebly.com\/uploads\/2\/4\/4\/6\/24465180\/8983596.jpg?195","race_name":"orc","life":"18"}} [] {"uid":"cfa42a5"}
[2018-09-04 10:28:59] rpgalapi.DEBUG: PATH: \play | ARGS:{"token":"82bb0e19406a4e05fd70b59a11283123"}RESP: null [] {"uid":"51afc71"}
[2018-09-04 10:30:19] rpgalapi.DEBUG: PATH: \play | ARGS:{"token":"82bb0e19406a4e05fd70b59a11283123"}RESP: null [] {"uid":"4917f80"}
[2018-09-04 10:34:02] rpgalapi.DEBUG: PATH: \play | ARGS:{"token":"82bb0e19406a4e05fd70b59a11283123"}RESP: null [] {"uid":"6654689"}
[2018-09-04 10:34:24] rpgalapi.DEBUG: PATH: \play | ARGS:{"token":"82bb0e19406a4e05fd70b59a11283123"}RESP: null [] {"uid":"b76d135"}
[2018-09-04 10:34:52] rpgalapi.DEBUG: PATH: \play | ARGS:{"token":"82bb0e19406a4e05fd70b59a11283123"}RESP: null [] {"uid":"6cdf24d"}
[2018-09-04 10:34:54] rpgalapi.DEBUG: PATH: \play | ARGS:{"token":"82bb0e19406a4e05fd70b59a11283123"}RESP: null [] {"uid":"08df50f"}
[2018-09-04 10:35:05] rpgalapi.DEBUG: PATH: \play | ARGS:[]RESP: {"ttl":2000,"token":"f62560e3ae5342099183ba84b4e23b96","shift":{"player1":"7ebe0962490849388fa44f391ba45acd","player2":"60ceba4a36e8456daf05eaa54bfd9cdb","token":"f62560e3ae5342099183ba84b4e23b96","status":"1","shift":"0"},"player1":{"token":"7ebe0962490849388fa44f391ba45acd","weapon_defense":"1","damage_dice":"6","name":"Thorrichsere","code":"4","weapon_name":"Espada Longa","weapon_damage":"2","image":"https:\/\/i.pinimg.com\/originals\/7d\/8e\/7b\/7d8e7b9716732851a9fe3269c627cf3a.jpg","force":"1","agility":"2","weapon_image":"http:\/\/medievalsystem.weebly.com\/uploads\/6\/3\/6\/3\/6363280\/302247112.png","race_name":"human","life":"12"},"player2":{"token":"60ceba4a36e8456daf05eaa54bfd9cdb","weapon_defense":"0","damage_dice":"8","name":"Graelurk","code":"2","weapon_name":"Clava Madeira","weapon_damage":"1","image":"https:\/\/1d4chan.org\/images\/thumb\/d\/d8\/Orc.jpg\/400px-Orc.jpg","force":"2","agility":"0","weapon_image":"https:\/\/baby-ams.weebly.com\/uploads\/2\/4\/4\/6\/24465180\/8983596.jpg?195","race_name":"orc","life":"20"}} [] {"uid":"11d0366"}
[2018-09-04 10:35:14] rpgalapi.DEBUG: PATH: \play | ARGS:{"token":"f62560e3ae5342099183ba84b4e23b96"}RESP: {"ttl":2000,"token":"f62560e3ae5342099183ba84b4e23b96","shift":{"player1":"7ebe0962490849388fa44f391ba45acd","player2":"60ceba4a36e8456daf05eaa54bfd9cdb","token":"f62560e3ae5342099183ba84b4e23b96","status":"1","shift":"0","iniciative":"60ceba4a36e8456daf05eaa54bfd9cdb"},"player1":{"token":"7ebe0962490849388fa44f391ba45acd","weapon_defense":"1","damage_dice":"6","name":"Thorrichsere","code":"4","weapon_name":"Espada Longa","weapon_damage":"2","image":"https:\/\/i.pinimg.com\/originals\/7d\/8e\/7b\/7d8e7b9716732851a9fe3269c627cf3a.jpg","force":"1","agility":"2","weapon_image":"http:\/\/medievalsystem.weebly.com\/uploads\/6\/3\/6\/3\/6363280\/302247112.png","race_name":"human","life":"12"},"player2":{"token":"60ceba4a36e8456daf05eaa54bfd9cdb","weapon_defense":"0","damage_dice":"8","name":"Graelurk","code":"2","weapon_name":"Clava Madeira","weapon_damage":"1","image":"https:\/\/1d4chan.org\/images\/thumb\/d\/d8\/Orc.jpg\/400px-Orc.jpg","force":"2","agility":"0","iniciative":"1","weapon_image":"https:\/\/baby-ams.weebly.com\/uploads\/2\/4\/4\/6\/24465180\/8983596.jpg?195","race_name":"orc","life":"20"}} [] {"uid":"319544b"}
[2018-09-04 10:35:25] rpgalapi.DEBUG: PATH: \play | ARGS:{"token":"f62560e3ae5342099183ba84b4e23b96"}RESP: null [] {"uid":"a01664f"}
[2018-09-04 10:35:51] rpgalapi.DEBUG: PATH: \play | ARGS:{"token":"f62560e3ae5342099183ba84b4e23b96"}RESP: null [] {"uid":"6aed1bf"}
[2018-09-04 10:35:56] rpgalapi.DEBUG: PATH: \play | ARGS:{"token":"f62560e3ae5342099183ba84b4e23b96"}RESP: null [] {"uid":"b120fd5"}
[2018-09-04 10:35:59] rpgalapi.DEBUG: PATH: \play | ARGS:{"token":"f62560e3ae5342099183ba84b4e23b96"}RESP: null [] {"uid":"f42542e"}
[2018-09-04 10:42:42] rpgalapi.DEBUG: PATH: \play | ARGS:{"token":"f62560e3ae5342099183ba84b4e23b96"}RESP: null [] {"uid":"502ac7f"}
[2018-09-04 10:43:26] rpgalapi.DEBUG: PATH: \play | ARGS:[]RESP: {"ttl":2000,"token":"9fa71278144c44dda3ceb61621163336","shift":{"player1":"fd19214847634b39a8671ef1e3bfaa80","player2":"023a4a49cc1c4f859a91b129f755adff","token":"9fa71278144c44dda3ceb61621163336","status":"1","shift":"0"},"player1":{"token":"fd19214847634b39a8671ef1e3bfaa80","weapon_defense":"0","damage_dice":"8","name":"Graelurk","code":"2","weapon_name":"Clava Madeira","weapon_damage":"1","image":"https:\/\/1d4chan.org\/images\/thumb\/d\/d8\/Orc.jpg\/400px-Orc.jpg","force":"2","agility":"0","weapon_image":"https:\/\/baby-ams.weebly.com\/uploads\/2\/4\/4\/6\/24465180\/8983596.jpg?195","race_name":"orc","life":"20"},"player2":{"token":"023a4a49cc1c4f859a91b129f755adff","weapon_defense":"1","damage_dice":"6","name":"Sammadod","code":"5","weapon_name":"Espada Longa","weapon_damage":"2","image":"https:\/\/i.pinimg.com\/564x\/36\/8f\/93\/368f93edbe20d8f6d6e08cb8b818470b.jpg","force":"1","agility":"2","weapon_image":"http:\/\/medievalsystem.weebly.com\/uploads\/6\/3\/6\/3\/6363280\/302247112.png","race_name":"human","life":"12"}} [] {"uid":"74c01f5"}
[2018-09-04 10:43:36] rpgalapi.DEBUG: PATH: \play | ARGS:{"token":"9fa71278144c44dda3ceb61621163336"}RESP: {"ttl":2000,"token":"9fa71278144c44dda3ceb61621163336","shift":{"player1":"fd19214847634b39a8671ef1e3bfaa80","player2":"023a4a49cc1c4f859a91b129f755adff","token":"9fa71278144c44dda3ceb61621163336","status":"1","shift":"0","iniciative":"023a4a49cc1c4f859a91b129f755adff"},"player1":{"token":"fd19214847634b39a8671ef1e3bfaa80","weapon_defense":"0","damage_dice":"8","name":"Graelurk","code":"2","weapon_name":"Clava Madeira","weapon_damage":"1","image":"https:\/\/1d4chan.org\/images\/thumb\/d\/d8\/Orc.jpg\/400px-Orc.jpg","force":"2","agility":"0","weapon_image":"https:\/\/baby-ams.weebly.com\/uploads\/2\/4\/4\/6\/24465180\/8983596.jpg?195","race_name":"orc","life":"20"},"player2":{"token":"023a4a49cc1c4f859a91b129f755adff","weapon_defense":"1","damage_dice":"6","name":"Sammadod","code":"5","weapon_name":"Espada Longa","weapon_damage":"2","image":"https:\/\/i.pinimg.com\/564x\/36\/8f\/93\/368f93edbe20d8f6d6e08cb8b818470b.jpg","force":"1","agility":"2","iniciative":"1","weapon_image":"http:\/\/medievalsystem.weebly.com\/uploads\/6\/3\/6\/3\/6363280\/302247112.png","race_name":"human","life":"12"}} [] {"uid":"faac185"}
[2018-09-04 10:43:44] rpgalapi.DEBUG: PATH: \play | ARGS:{"token":"9fa71278144c44dda3ceb61621163336"}RESP: null [] {"uid":"6d7a891"}
[2018-09-04 10:47:52] rpgalapi.DEBUG: PATH: \play | ARGS:{"token":"9fa71278144c44dda3ceb61621163336"}RESP: {"player1":{"attackSuccess":false,"attackdamage":0},"player2":{"attackSuccess":false,"attackdamage":0},"resultShift":null} [] {"uid":"3f5d67a"}
[2018-09-04 10:48:25] rpgalapi.DEBUG: PATH: \play | ARGS:[]RESP: {"ttl":2000,"token":"626ee7eae18f4e9096deccc38b5557e6","shift":{"player1":"e792fad3a4e0428fc2b042fbdf8db623","player2":"fdbd45a8f6824baaeda03645d9dc7047","token":"626ee7eae18f4e9096deccc38b5557e6","status":"1","shift":"0"},"player1":{"token":"e792fad3a4e0428fc2b042fbdf8db623","weapon_defense":"0","damage_dice":"8","name":"Lagrendnaz","code":"1","weapon_name":"Clava Madeira","weapon_damage":"1","image":"https:\/\/hexcompendium.com\/images\/thumb\/7\/74\/OrcBrute.png\/501px-OrcBrute.png","force":"2","agility":"0","weapon_image":"https:\/\/baby-ams.weebly.com\/uploads\/2\/4\/4\/6\/24465180\/8983596.jpg?195","race_name":"orc","life":"20"},"player2":{"token":"fdbd45a8f6824baaeda03645d9dc7047","weapon_defense":"1","damage_dice":"6","name":"Canredcen","code":"6","weapon_name":"Espada Longa","weapon_damage":"2","image":"https:\/\/i.pinimg.com\/originals\/10\/53\/58\/105358fb7e9404164d97a6ca3f3b85a3.jpg","force":"1","agility":"2","weapon_image":"http:\/\/medievalsystem.weebly.com\/uploads\/6\/3\/6\/3\/6363280\/302247112.png","race_name":"human","life":"12"}} [] {"uid":"fb4a46b"}
[2018-09-04 10:48:33] rpgalapi.DEBUG: PATH: \play | ARGS:{"token":"626ee7eae18f4e9096deccc38b5557e6"}RESP: {"ttl":2000,"token":"626ee7eae18f4e9096deccc38b5557e6","shift":{"player1":"e792fad3a4e0428fc2b042fbdf8db623","player2":"fdbd45a8f6824baaeda03645d9dc7047","token":"626ee7eae18f4e9096deccc38b5557e6","status":"1","shift":"0","iniciative":"fdbd45a8f6824baaeda03645d9dc7047"},"player1":{"token":"e792fad3a4e0428fc2b042fbdf8db623","weapon_defense":"0","damage_dice":"8","name":"Lagrendnaz","code":"1","weapon_name":"Clava Madeira","weapon_damage":"1","image":"https:\/\/hexcompendium.com\/images\/thumb\/7\/74\/OrcBrute.png\/501px-OrcBrute.png","force":"2","agility":"0","weapon_image":"https:\/\/baby-ams.weebly.com\/uploads\/2\/4\/4\/6\/24465180\/8983596.jpg?195","race_name":"orc","life":"20"},"player2":{"token":"fdbd45a8f6824baaeda03645d9dc7047","weapon_defense":"1","damage_dice":"6","name":"Canredcen","code":"6","weapon_name":"Espada Longa","weapon_damage":"2","image":"https:\/\/i.pinimg.com\/originals\/10\/53\/58\/105358fb7e9404164d97a6ca3f3b85a3.jpg","force":"1","agility":"2","iniciative":"1","weapon_image":"http:\/\/medievalsystem.weebly.com\/uploads\/6\/3\/6\/3\/6363280\/302247112.png","race_name":"human","life":"12"}} [] {"uid":"1a93d4c"}
[2018-09-04 10:48:40] rpgalapi.DEBUG: PATH: \play | ARGS:{"token":"626ee7eae18f4e9096deccc38b5557e6"}RESP: {"player1":{"attackSuccess":false,"attackdamage":0},"player2":{"attackSuccess":false,"attackdamage":0},"resultShift":null} [] {"uid":"d047b6d"}
[2018-09-04 10:48:47] rpgalapi.DEBUG: PATH: \play | ARGS:{"token":"626ee7eae18f4e9096deccc38b5557e6"}RESP: {"player1":{"attackSuccess":true,"attackdamage":{"attack":{"dice":"6","force":"1","roll":4,"damage":5},"defense":{"life":"20","life_update":15}}},"player2":{"attackSuccess":true,"attackdamage":{"attack":{"dice":"8","force":"2","roll":0,"damage":2},"defense":{"life":"12","life_update":10}}},"resultShift":null} [] {"uid":"bd011ce"}
[2018-09-04 10:50:34] rpgalapi.DEBUG: PATH: \play | ARGS:{"token":"626ee7eae18f4e9096deccc38b5557e6"}RESP: {"player1":{"attackSuccess":false,"attackdamage":0},"player2":{"attackSuccess":true,"attackdamage":{"attack":{"dice":"8","force":"2","roll":8,"damage":10},"defense":{"life":"10","life_update":0}}}} [] {"uid":"7afd951"}
[2018-09-04 10:51:30] rpgalapi.DEBUG: PATH: \play | ARGS:[]RESP: {"ttl":2000,"token":"bb84ebc4e13a4bbac3334608be7e1484","shift":{"player1":"44cc697778324a1fd9c36b32a10c6867","player2":"a32e2ef8855449b785d95c9b5ce5d425","token":"bb84ebc4e13a4bbac3334608be7e1484","status":"1","shift":"0"},"player1":{"token":"44cc697778324a1fd9c36b32a10c6867","weapon_defense":"1","damage_dice":"6","name":"Thorrichsere","code":"4","weapon_name":"Espada Longa","weapon_damage":"2","image":"https:\/\/i.pinimg.com\/originals\/7d\/8e\/7b\/7d8e7b9716732851a9fe3269c627cf3a.jpg","force":"1","agility":"2","weapon_image":"http:\/\/medievalsystem.weebly.com\/uploads\/6\/3\/6\/3\/6363280\/302247112.png","race_name":"human","life":"12"},"player2":{"token":"a32e2ef8855449b785d95c9b5ce5d425","weapon_defense":"0","damage_dice":"8","name":"Graelurk","code":"2","weapon_name":"Clava Madeira","weapon_damage":"1","image":"https:\/\/1d4chan.org\/images\/thumb\/d\/d8\/Orc.jpg\/400px-Orc.jpg","force":"2","agility":"0","weapon_image":"https:\/\/baby-ams.weebly.com\/uploads\/2\/4\/4\/6\/24465180\/8983596.jpg?195","race_name":"orc","life":"20"}} [] {"uid":"6f6adef"}
[2018-09-04 10:51:38] rpgalapi.DEBUG: PATH: \play | ARGS:{"token":"bb84ebc4e13a4bbac3334608be7e1484"}RESP: {"ttl":2000,"token":"bb84ebc4e13a4bbac3334608be7e1484","shift":{"player1":"44cc697778324a1fd9c36b32a10c6867","player2":"a32e2ef8855449b785d95c9b5ce5d425","token":"bb84ebc4e13a4bbac3334608be7e1484","status":"1","shift":"0","iniciative":"44cc697778324a1fd9c36b32a10c6867"},"player1":{"token":"44cc697778324a1fd9c36b32a10c6867","weapon_defense":"1","damage_dice":"6","name":"Thorrichsere","code":"4","weapon_name":"Espada Longa","weapon_damage":"2","image":"https:\/\/i.pinimg.com\/originals\/7d\/8e\/7b\/7d8e7b9716732851a9fe3269c627cf3a.jpg","force":"1","agility":"2","iniciative":"1","weapon_image":"http:\/\/medievalsystem.weebly.com\/uploads\/6\/3\/6\/3\/6363280\/302247112.png","race_name":"human","life":"12"},"player2":{"token":"a32e2ef8855449b785d95c9b5ce5d425","weapon_defense":"0","damage_dice":"8","name":"Graelurk","code":"2","weapon_name":"Clava Madeira","weapon_damage":"1","image":"https:\/\/1d4chan.org\/images\/thumb\/d\/d8\/Orc.jpg\/400px-Orc.jpg","force":"2","agility":"0","weapon_image":"https:\/\/baby-ams.weebly.com\/uploads\/2\/4\/4\/6\/24465180\/8983596.jpg?195","race_name":"orc","life":"20"}} [] {"uid":"97d2e17"}
[2018-09-04 10:51:43] rpgalapi.DEBUG: PATH: \play | ARGS:{"token":"bb84ebc4e13a4bbac3334608be7e1484"}RESP: {"player1":{"attackSuccess":true,"attackdamage":{"attack":{"dice":"6","force":"1","roll":4,"damage":5},"defense":{"life":"20","life_update":15}}},"player2":{"attackSuccess":true,"attackdamage":{"attack":{"dice":"8","force":"2","roll":1,"damage":3},"defense":{"life":"12","life_update":9}}}} [] {"uid":"a665838"}
